# JRE version: OpenJDK Runtime Environment (8.0_76-b03) (build 1.8.0_76-release-b03)
# Java VM: OpenJDK 64-Bit Server VM (25.76-b03 mixed mode windows-amd64 compressed oops)
Heap:
 PSYoungGen      total 400384K, used 230215K [0x00000000e0000000, 0x00000000ff800000, 0x0000000100000000)
  eden space 381952K, 60% used [0x00000000e0000000,0x00000000ee0d1f28,0x00000000f7500000)
  from space 18432K, 0% used [0x00000000f7500000,0x00000000f7500000,0x00000000f8700000)
  to   space 67072K, 0% used [0x00000000fb680000,0x00000000fb680000,0x00000000ff800000)
 ParOldGen       total 200192K, used 39364K [0x00000000a0000000, 0x00000000ac380000, 0x00000000e0000000)
  object space 200192K, 19% used [0x00000000a0000000,0x00000000a2671240,0x00000000ac380000)
 Metaspace       used 73575K, capacity 76582K, committed 78848K, reserved 1118208K
  class space    used 9182K, capacity 9613K, committed 10240K, reserved 1048576K
GC Heap History (10 events):
Event: 9090.776 GC heap before
{Heap before GC invocations=35 (full 7):
 PSYoungGen      total 328704K, used 328678K [0x00000000e0000000, 0x00000000fe180000, 0x0000000100000000)
  eden space 276480K, 100% used [0x00000000e0000000,0x00000000f0e00000,0x00000000f0e00000)
  from space 52224K, 99% used [0x00000000f0e00000,0x00000000f40f9be0,0x00000000f4100000)
  to   space 61440K, 0% used [0x00000000fa580000,0x00000000fa580000,0x00000000fe180000)
 ParOldGen       total 200192K, used 99061K [0x00000000a0000000, 0x00000000ac380000, 0x00000000e0000000)
  object space 200192K, 49% used [0x00000000a0000000,0x00000000a60bd498,0x00000000ac380000)
 Metaspace       used 72175K, capacity 75088K, committed 78080K, reserved 1118208K
  class space    used 9002K, capacity 9410K, committed 10240K, reserved 1048576K
Event: 9090.895 GC heap after
Heap after GC invocations=35 (full 7):
 PSYoungGen      total 422912K, used 58193K [0x00000000e0000000, 0x00000000ff300000, 0x0000000100000000)
  eden space 361472K, 0% used [0x00000000e0000000,0x00000000e0000000,0x00000000f6100000)
  from space 61440K, 94% used [0x00000000fa580000,0x00000000fde54608,0x00000000fe180000)
  to   space 70144K, 0% used [0x00000000f6100000,0x00000000f6100000,0x00000000fa580000)
 ParOldGen       total 200192K, used 99061K [0x00000000a0000000, 0x00000000ac380000, 0x00000000e0000000)
  object space 200192K, 49% used [0x00000000a0000000,0x00000000a60bd498,0x00000000ac380000)
 Metaspace       used 72175K, capacity 75088K, committed 78080K, reserved 1118208K
  class space    used 9002K, capacity 9410K, committed 10240K, reserved 1048576K
}
Event: 9092.683 GC heap before
{Heap before GC invocations=36 (full 7):
 PSYoungGen      total 422912K, used 419665K [0x00000000e0000000, 0x00000000ff300000, 0x0000000100000000)
  eden space 361472K, 100% used [0x00000000e0000000,0x00000000f6100000,0x00000000f6100000)
  from space 61440K, 94% used [0x00000000fa580000,0x00000000fde54608,0x00000000fe180000)
  to   space 70144K, 0% used [0x00000000f6100000,0x00000000f6100000,0x00000000fa580000)
 ParOldGen       total 200192K, used 99061K [0x00000000a0000000, 0x00000000ac380000, 0x00000000e0000000)
  object space 200192K, 49% used [0x00000000a0000000,0x00000000a60bd498,0x00000000ac380000)
 Metaspace       used 72223K, capacity 75120K, committed 78080K, reserved 1118208K
  class space    used 9004K, capacity 9442K, committed 10240K, reserved 1048576K
Event: 9092.802 GC heap after
Heap after GC invocations=36 (full 7):
 PSYoungGen      total 431616K, used 44416K [0x00000000e0000000, 0x0000000100000000, 0x0000000100000000)
  eden space 361472K, 0% used [0x00000000e0000000,0x00000000e0000000,0x00000000f6100000)
  from space 70144K, 63% used [0x00000000f6100000,0x00000000f8c603e0,0x00000000fa580000)
  to   space 72192K, 0% used [0x00000000fb980000,0x00000000fb980000,0x0000000100000000)
 ParOldGen       total 200192K, used 99069K [0x00000000a0000000, 0x00000000ac380000, 0x00000000e0000000)
  object space 200192K, 49% used [0x00000000a0000000,0x00000000a60bf498,0x00000000ac380000)
 Metaspace       used 72223K, capacity 75120K, committed 78080K, reserved 1118208K
  class space    used 9004K, capacity 9442K, committed 10240K, reserved 1048576K
}
Event: 9094.483 GC heap before
{Heap before GC invocations=37 (full 7):
 PSYoungGen      total 431616K, used 405632K [0x00000000e0000000, 0x0000000100000000, 0x0000000100000000)
  eden space 361472K, 99% used [0x00000000e0000000,0x00000000f60c0000,0x00000000f6100000)
  from space 70144K, 63% used [0x00000000f6100000,0x00000000f8c603e0,0x00000000fa580000)
  to   space 72192K, 0% used [0x00000000fb980000,0x00000000fb980000,0x0000000100000000)
 ParOldGen       total 200192K, used 99069K [0x00000000a0000000, 0x00000000ac380000, 0x00000000e0000000)
  object space 200192K, 49% used [0x00000000a0000000,0x00000000a60bf498,0x00000000ac380000)
 Metaspace       used 73206K, capacity 76126K, committed 78592K, reserved 1118208K
  class space    used 9138K, capacity 9581K, committed 10240K, reserved 1048576K
Event: 9094.527 GC heap after
Heap after GC invocations=37 (full 7):
 PSYoungGen      total 450048K, used 32753K [0x00000000e0000000, 0x00000000ffc00000, 0x0000000100000000)
  eden space 381952K, 0% used [0x00000000e0000000,0x00000000e0000000,0x00000000f7500000)
  from space 68096K, 48% used [0x00000000fb980000,0x00000000fd97c6d8,0x00000000ffc00000)
  to   space 69120K, 0% used [0x00000000f7500000,0x00000000f7500000,0x00000000fb880000)
 ParOldGen       total 200192K, used 99277K [0x00000000a0000000, 0x00000000ac380000, 0x00000000e0000000)
  object space 200192K, 49% used [0x00000000a0000000,0x00000000a60f3498,0x00000000ac380000)
 Metaspace       used 73206K, capacity 76126K, committed 78592K, reserved 1118208K
  class space    used 9138K, capacity 9581K, committed 10240K, reserved 1048576K
}
Event: 9094.982 GC heap before
{Heap before GC invocations=38 (full 7):
 PSYoungGen      total 450048K, used 130976K [0x00000000e0000000, 0x00000000ffc00000, 0x0000000100000000)
  eden space 381952K, 25% used [0x00000000e0000000,0x00000000e5feb9b8,0x00000000f7500000)
  from space 68096K, 48% used [0x00000000fb980000,0x00000000fd97c6d8,0x00000000ffc00000)
  to   space 69120K, 0% used [0x00000000f7500000,0x00000000f7500000,0x00000000fb880000)
 ParOldGen       total 200192K, used 99277K [0x00000000a0000000, 0x00000000ac380000, 0x00000000e0000000)
  object space 200192K, 49% used [0x00000000a0000000,0x00000000a60f3498,0x00000000ac380000)
 Metaspace       used 73298K, capacity 76198K, committed 78592K, reserved 1118208K
  class space    used 9151K, capacity 9581K, committed 10240K, reserved 1048576K
Event: 9095.005 GC heap after
Heap after GC invocations=38 (full 7):
 PSYoungGen      total 400384K, used 18052K [0x00000000e0000000, 0x00000000ff800000, 0x0000000100000000)
  eden space 381952K, 0% used [0x00000000e0000000,0x00000000e0000000,0x00000000f7500000)
  from space 18432K, 97% used [0x00000000f7500000,0x00000000f86a12d8,0x00000000f8700000)
  to   space 67072K, 0% used [0x00000000fb680000,0x00000000fb680000,0x00000000ff800000)
 ParOldGen       total 200192K, used 100229K [0x00000000a0000000, 0x00000000ac380000, 0x00000000e0000000)
  object space 200192K, 50% used [0x00000000a0000000,0x00000000a61e1498,0x00000000ac380000)
 Metaspace       used 73298K, capacity 76198K, committed 78592K, reserved 1118208K
  class space    used 9151K, capacity 9581K, committed 10240K, reserved 1048576K
}
Event: 9095.005 GC heap before
{Heap before GC invocations=39 (full 8):
 PSYoungGen      total 400384K, used 18052K [0x00000000e0000000, 0x00000000ff800000, 0x0000000100000000)
  eden space 381952K, 0% used [0x00000000e0000000,0x00000000e0000000,0x00000000f7500000)
  from space 18432K, 97% used [0x00000000f7500000,0x00000000f86a12d8,0x00000000f8700000)
  to   space 67072K, 0% used [0x00000000fb680000,0x00000000fb680000,0x00000000ff800000)
 ParOldGen       total 200192K, used 100229K [0x00000000a0000000, 0x00000000ac380000, 0x00000000e0000000)
  object space 200192K, 50% used [0x00000000a0000000,0x00000000a61e1498,0x00000000ac380000)
 Metaspace       used 73298K, capacity 76198K, committed 78592K, reserved 1118208K
  class space    used 9151K, capacity 9581K, committed 10240K, reserved 1048576K
Event: 9095.389 GC heap after
Heap after GC invocations=39 (full 8):
 PSYoungGen      total 400384K, used 0K [0x00000000e0000000, 0x00000000ff800000, 0x0000000100000000)
  eden space 381952K, 0% used [0x00000000e0000000,0x00000000e0000000,0x00000000f7500000)
  from space 18432K, 0% used [0x00000000f7500000,0x00000000f7500000,0x00000000f8700000)
  to   space 67072K, 0% used [0x00000000fb680000,0x00000000fb680000,0x00000000ff800000)
 ParOldGen       total 200192K, used 39364K [0x00000000a0000000, 0x00000000ac380000, 0x00000000e0000000)
  object space 200192K, 19% used [0x00000000a0000000,0x00000000a2671240,0x00000000ac380000)
 Metaspace       used 73252K, capacity 76066K, committed 78592K, reserved 1118208K
  class space    used 9139K, capacity 9559K, committed 10240K, reserved 1048576K
}

